2014/10/09 08:33:36 [error] [exception.CException] exception 'CException' with message 'MoefmController cannot find the requested view "index".' in D:\wamp\www\yuki\framework\web\CController.php:878
Stack trace:
#0 D:\wamp\www\yuki\framework\web\CController.php(782): CController->renderPartial('index', NULL, true)
#1 D:\wamp\www\yuki\protected\controllers\MoefmController.php(10): CController->render('index')
#2 D:\wamp\www\yuki\framework\web\actions\CInlineAction.php(49): MoefmController->actionIndex()
#3 D:\wamp\www\yuki\framework\web\CController.php(308): CInlineAction->runWithParams(Array)
#4 D:\wamp\www\yuki\framework\web\CController.php(286): CController->runAction(Object(CInlineAction))
#5 D:\wamp\www\yuki\framework\web\CController.php(265): CController->runActionWithFilters(Object(CInlineAction), Array)
#6 D:\wamp\www\yuki\framework\web\CWebApplication.php(282): CController->run('')
#7 D:\wamp\www\yuki\framework\web\CWebApplication.php(141): CWebApplication->runController('')
#8 D:\wamp\www\yuki\framework\base\CApplication.php(180): CWebApplication->processRequest()
#9 D:\wamp\www\yuki\index.php(13): CApplication->run()
#10 {main}
REQUEST_URI=/yuki/
---
2014/10/09 08:34:02 [error] [exception.CException] exception 'CException' with message 'MoefmController cannot find the requested view "index".' in D:\wamp\www\yuki\framework\web\CController.php:878
Stack trace:
#0 D:\wamp\www\yuki\framework\web\CController.php(782): CController->renderPartial('index', NULL, true)
#1 D:\wamp\www\yuki\protected\controllers\MoefmController.php(10): CController->render('index')
#2 D:\wamp\www\yuki\framework\web\actions\CInlineAction.php(49): MoefmController->actionIndex()
#3 D:\wamp\www\yuki\framework\web\CController.php(308): CInlineAction->runWithParams(Array)
#4 D:\wamp\www\yuki\framework\web\CController.php(286): CController->runAction(Object(CInlineAction))
#5 D:\wamp\www\yuki\framework\web\CController.php(265): CController->runActionWithFilters(Object(CInlineAction), Array)
#6 D:\wamp\www\yuki\framework\web\CWebApplication.php(282): CController->run('')
#7 D:\wamp\www\yuki\framework\web\CWebApplication.php(141): CWebApplication->runController('')
#8 D:\wamp\www\yuki\framework\base\CApplication.php(180): CWebApplication->processRequest()
#9 D:\wamp\www\yuki\index.php(13): CApplication->run()
#10 {main}
REQUEST_URI=/yuki/
---
2014/10/09 08:35:22 [error] [exception.CException] exception 'CException' with message 'MoefmController cannot find the requested view "index".' in D:\wamp\www\yuki\framework\web\CController.php:878
Stack trace:
#0 D:\wamp\www\yuki\framework\web\CController.php(782): CController->renderPartial('index', NULL, true)
#1 D:\wamp\www\yuki\protected\controllers\MoefmController.php(10): CController->render('index')
#2 D:\wamp\www\yuki\framework\web\actions\CInlineAction.php(49): MoefmController->actionIndex()
#3 D:\wamp\www\yuki\framework\web\CController.php(308): CInlineAction->runWithParams(Array)
#4 D:\wamp\www\yuki\framework\web\CController.php(286): CController->runAction(Object(CInlineAction))
#5 D:\wamp\www\yuki\framework\web\CController.php(265): CController->runActionWithFilters(Object(CInlineAction), Array)
#6 D:\wamp\www\yuki\framework\web\CWebApplication.php(282): CController->run('')
#7 D:\wamp\www\yuki\framework\web\CWebApplication.php(141): CWebApplication->runController('')
#8 D:\wamp\www\yuki\framework\base\CApplication.php(180): CWebApplication->processRequest()
#9 D:\wamp\www\yuki\index.php(13): CApplication->run()
#10 {main}
REQUEST_URI=/yuki/
---
